<?xml version="1.0" encoding="UTF-8"?>
<!-- Generated by org.testng.reporters.JUnitReportReporter -->
<testsuite skipped="0" hostname="TGS-DPC-2400" name="NewTest" tests="2" failures="0" timestamp="25 Apr 2019 07:45:12 GMT" time="30.838" errors="0">
  <testcase name="loginToCyclone" time="16.886" classname="NewTest"/>
  <testcase name="loginToCyclone" time="13.952" classname="NewTest"/>
</testsuite> <!-- NewTest -->
